discord.client - WARNING - PyNaCl is not installed, voice will NOT be supported
discord.client - WARNING - PyNaCl is not installed, voice will NOT be supported
discord.client - INFO - logging in using static token
discord.gateway - INFO - Shard ID None has sent the IDENTIFY payload.
discord.gateway - INFO - Shard ID None has connected to Gateway: ["gateway-prd-us-east1-b-n55c",{"micros":124214,"calls":["id_created",{"micros":1162,"calls":[]},"session_lookup_time",{"micros":6870,"calls":[]},"session_lookup_finished",{"micros":16,"calls":[]},"discord-sessions-prd-1-124",{"micros":115805,"calls":["start_session",{"micros":44090,"calls":["discord-api-rpc-5f8c4b8bd9-597ss",{"micros":40697,"calls":["get_user",{"micros":4568},"get_guilds",{"micros":4676},"send_scheduled_deletion_message",{"micros":8},"guild_join_requests",{"micros":774},"authorized_ip_coro",{"micros":6}]}]},"starting_guild_connect",{"micros":64,"calls":[]},"presence_started",{"micros":649,"calls":[]},"guilds_started",{"micros":155,"calls":[]},"guilds_connect",{"micros":2,"calls":[]},"presence_connect",{"micros":70821,"calls":[]},"connect_finished",{"micros":70826,"calls":[]},"build_ready",{"micros":15,"calls":[]},"clean_ready",{"micros":1,"calls":[]},"optimize_ready",{"micros":0,"calls":[]},"split_ready",{"micros":1,"calls":[]}]}]}] (Session ID: 1cf41a1ae5aa56ef978b81e67bc3720c).
discord.client - WARNING - PyNaCl is not installed, voice will NOT be supported
discord.client - INFO - logging in using static token
discord.gateway - INFO - Shard ID None has sent the IDENTIFY payload.
discord.gateway - INFO - Shard ID None has connected to Gateway: ["gateway-prd-us-east1-b-7794",{"micros":57050,"calls":["id_created",{"micros":1544,"calls":[]},"session_lookup_time",{"micros":340,"calls":[]},"session_lookup_finished",{"micros":13,"calls":[]},"discord-sessions-prd-1-127",{"micros":53815,"calls":["start_session",{"micros":33621,"calls":["discord-api-rpc-5f8c4b8bd9-f8bwr",{"micros":29830,"calls":["get_user",{"micros":5096},"get_guilds",{"micros":3224},"send_scheduled_deletion_message",{"micros":6},"guild_join_requests",{"micros":1},"authorized_ip_coro",{"micros":6}]}]},"starting_guild_connect",{"micros":55,"calls":[]},"presence_started",{"micros":12174,"calls":[]},"guilds_started",{"micros":140,"calls":[]},"guilds_connect",{"micros":1,"calls":[]},"presence_connect",{"micros":7792,"calls":[]},"connect_finished",{"micros":7796,"calls":[]},"build_ready",{"micros":21,"calls":[]},"clean_ready",{"micros":1,"calls":[]},"optimize_ready",{"micros":0,"calls":[]},"split_ready",{"micros":1,"calls":[]}]}]}] (Session ID: 0133e74a292b250957a20899b073f1d0).
discord.client - WARNING - PyNaCl is not installed, voice will NOT be supported
discord.client - INFO - logging in using static token
discord.gateway - INFO - Shard ID None has sent the IDENTIFY payload.
discord.gateway - INFO - Shard ID None has connected to Gateway: ["gateway-prd-us-east1-b-3j02",{"micros":222276,"calls":["id_created",{"micros":835,"calls":[]},"session_lookup_time",{"micros":299,"calls":[]},"session_lookup_finished",{"micros":12,"calls":[]},"discord-sessions-prd-1-262",{"micros":219953,"calls":["start_session",{"micros":105627,"calls":["discord-api-rpc-5f8c4b8bd9-5bzsg",{"micros":101385,"calls":["get_user",{"micros":5473},"get_guilds",{"micros":6352},"send_scheduled_deletion_message",{"micros":6},"guild_join_requests",{"micros":1},"authorized_ip_coro",{"micros":8}]}]},"starting_guild_connect",{"micros":58,"calls":[]},"presence_started",{"micros":41951,"calls":[]},"guilds_started",{"micros":136,"calls":[]},"guilds_connect",{"micros":2,"calls":[]},"presence_connect",{"micros":72157,"calls":[]},"connect_finished",{"micros":72161,"calls":[]},"build_ready",{"micros":15,"calls":[]},"clean_ready",{"micros":1,"calls":[]},"optimize_ready",{"micros":0,"calls":[]},"split_ready",{"micros":1,"calls":[]}]}]}] (Session ID: 2cee6cc507b18c10c67f2eeed136f709).
discord.client - WARNING - PyNaCl is not installed, voice will NOT be supported
discord.client - INFO - logging in using static token
discord.gateway - INFO - Shard ID None has sent the IDENTIFY payload.
discord.gateway - INFO - Shard ID None has connected to Gateway: ["gateway-prd-us-east1-b-h2m5",{"micros":123468,"calls":["id_created",{"micros":839,"calls":[]},"session_lookup_time",{"micros":493,"calls":[]},"session_lookup_finished",{"micros":38,"calls":[]},"discord-sessions-prd-1-64",{"micros":121488,"calls":["start_session",{"micros":38881,"calls":["discord-api-rpc-5f8c4b8bd9-8k89h",{"micros":35740,"calls":["get_user",{"micros":5170},"get_guilds",{"micros":2232},"send_scheduled_deletion_message",{"micros":8},"guild_join_requests",{"micros":516},"authorized_ip_coro",{"micros":8}]}]},"starting_guild_connect",{"micros":57,"calls":[]},"presence_started",{"micros":34140,"calls":[]},"guilds_started",{"micros":169,"calls":[]},"guilds_connect",{"micros":2,"calls":[]},"presence_connect",{"micros":48215,"calls":[]},"connect_finished",{"micros":48221,"calls":[]},"build_ready",{"micros":16,"calls":[]},"clean_ready",{"micros":0,"calls":[]},"optimize_ready",{"micros":0,"calls":[]},"split_ready",{"micros":1,"calls":[]}]}]}] (Session ID: b5b451275438e85c2077062dffe4ead6).
discord.client - WARNING - PyNaCl is not installed, voice will NOT be supported
discord.client - INFO - logging in using static token
discord.gateway - INFO - Shard ID None has sent the IDENTIFY payload.
discord.gateway - INFO - Shard ID None has connected to Gateway: ["gateway-prd-us-east1-c-n5jg",{"micros":113238,"calls":["id_created",{"micros":1133,"calls":[]},"session_lookup_time",{"micros":3178,"calls":[]},"session_lookup_finished",{"micros":18,"calls":[]},"discord-sessions-prd-1-134",{"micros":105992,"calls":["start_session",{"micros":74335,"calls":["discord-api-rpc-5f8c4b8bd9-8gtr8",{"micros":70519,"calls":["get_user",{"micros":5345},"get_guilds",{"micros":3175},"send_scheduled_deletion_message",{"micros":9},"guild_join_requests",{"micros":13853},"authorized_ip_coro",{"micros":10}]}]},"starting_guild_connect",{"micros":66,"calls":[]},"presence_started",{"micros":265,"calls":[]},"guilds_started",{"micros":156,"calls":[]},"guilds_connect",{"micros":2,"calls":[]},"presence_connect",{"micros":31140,"calls":[]},"connect_finished",{"micros":31145,"calls":[]},"build_ready",{"micros":19,"calls":[]},"clean_ready",{"micros":0,"calls":[]},"optimize_ready",{"micros":1,"calls":[]},"split_ready",{"micros":0,"calls":[]}]}]}] (Session ID: 781af74d8965792be9fd3c7396635361).
discord.client - WARNING - PyNaCl is not installed, voice will NOT be supported
discord.client - INFO - logging in using static token
discord.gateway - INFO - Shard ID None has sent the IDENTIFY payload.
discord.gateway - INFO - Shard ID None has connected to Gateway: ["gateway-prd-us-east1-d-bhwb",{"micros":91002,"calls":["id_created",{"micros":898,"calls":[]},"session_lookup_time",{"micros":11990,"calls":[]},"session_lookup_finished",{"micros":14,"calls":[]},"discord-sessions-prd-1-174",{"micros":77491,"calls":["start_session",{"micros":36418,"calls":["discord-api-rpc-5f8c4b8bd9-kxsqb",{"micros":32835,"calls":["get_user",{"micros":5327},"get_guilds",{"micros":3109},"send_scheduled_deletion_message",{"micros":7},"guild_join_requests",{"micros":1},"authorized_ip_coro",{"micros":6}]}]},"starting_guild_connect",{"micros":75,"calls":[]},"presence_started",{"micros":280,"calls":[]},"guilds_started",{"micros":121,"calls":[]},"guilds_connect",{"micros":1,"calls":[]},"presence_connect",{"micros":40572,"calls":[]},"connect_finished",{"micros":40577,"calls":[]},"build_ready",{"micros":15,"calls":[]},"clean_ready",{"micros":1,"calls":[]},"optimize_ready",{"micros":0,"calls":[]},"split_ready",{"micros":1,"calls":[]}]}]}] (Session ID: 1ab0f43168638d9cde977fb73e4c01c3).
discord.client - WARNING - PyNaCl is not installed, voice will NOT be supported
discord.client - INFO - logging in using static token
discord.gateway - INFO - Shard ID None has sent the IDENTIFY payload.
discord.gateway - INFO - Shard ID None has connected to Gateway: ["gateway-prd-us-east1-b-lctv",{"micros":62426,"calls":["id_created",{"micros":1366,"calls":[]},"session_lookup_time",{"micros":4570,"calls":[]},"session_lookup_finished",{"micros":15,"calls":[]},"discord-sessions-prd-1-205",{"micros":56100,"calls":["start_session",{"micros":36217,"calls":["discord-api-rpc-5f8c4b8bd9-2czrc",{"micros":32435,"calls":["get_user",{"micros":5022},"get_guilds",{"micros":2920},"send_scheduled_deletion_message",{"micros":8},"guild_join_requests",{"micros":1},"authorized_ip_coro",{"micros":8}]}]},"starting_guild_connect",{"micros":52,"calls":[]},"presence_started",{"micros":298,"calls":[]},"guilds_started",{"micros":142,"calls":[]},"guilds_connect",{"micros":1,"calls":[]},"presence_connect",{"micros":19365,"calls":[]},"connect_finished",{"micros":19370,"calls":[]},"build_ready",{"micros":14,"calls":[]},"clean_ready",{"micros":1,"calls":[]},"optimize_ready",{"micros":1,"calls":[]},"split_ready",{"micros":0,"calls":[]}]}]}] (Session ID: eddb6fe51b851e74593ef9b5f08fce8c).
discord.client - WARNING - PyNaCl is not installed, voice will NOT be supported
discord.client - INFO - logging in using static token
discord.gateway - INFO - Shard ID None has sent the IDENTIFY payload.
discord.gateway - INFO - Shard ID None has connected to Gateway: ["gateway-prd-us-east1-c-ls4r",{"micros":91168,"calls":["id_created",{"micros":946,"calls":[]},"session_lookup_time",{"micros":4164,"calls":[]},"session_lookup_finished",{"micros":14,"calls":[]},"discord-sessions-prd-1-128",{"micros":85057,"calls":["start_session",{"micros":41657,"calls":["discord-api-rpc-5f8c4b8bd9-st2nc",{"micros":38007,"calls":["get_user",{"micros":5537},"get_guilds",{"micros":2875},"send_scheduled_deletion_message",{"micros":8},"guild_join_requests",{"micros":0},"authorized_ip_coro",{"micros":7}]}]},"starting_guild_connect",{"micros":64,"calls":[]},"presence_started",{"micros":213,"calls":[]},"guilds_started",{"micros":158,"calls":[]},"guilds_connect",{"micros":2,"calls":[]},"presence_connect",{"micros":42936,"calls":[]},"connect_finished",{"micros":42942,"calls":[]},"build_ready",{"micros":16,"calls":[]},"clean_ready",{"micros":1,"calls":[]},"optimize_ready",{"micros":0,"calls":[]},"split_ready",{"micros":1,"calls":[]}]}]}] (Session ID: e72e7160256613b7fe1f26f316819133).
discord.client - WARNING - PyNaCl is not installed, voice will NOT be supported
discord.client - WARNING - PyNaCl is not installed, voice will NOT be supported
discord.client - INFO - logging in using static token
discord.gateway - INFO - Shard ID None has sent the IDENTIFY payload.
discord.gateway - INFO - Shard ID None has connected to Gateway: ["gateway-prd-us-east1-d-m7bh",{"micros":67804,"calls":["id_created",{"micros":789,"calls":[]},"session_lookup_time",{"micros":2822,"calls":[]},"session_lookup_finished",{"micros":12,"calls":[]},"discord-sessions-prd-1-39",{"micros":63653,"calls":["start_session",{"micros":47600,"calls":["discord-api-rpc-5f8c4b8bd9-xz5bh",{"micros":44614,"calls":["get_user",{"micros":4773},"get_guilds",{"micros":2689},"send_scheduled_deletion_message",{"micros":8},"guild_join_requests",{"micros":0},"authorized_ip_coro",{"micros":7}]}]},"starting_guild_connect",{"micros":56,"calls":[]},"presence_started",{"micros":412,"calls":[]},"guilds_started",{"micros":121,"calls":[]},"guilds_connect",{"micros":1,"calls":[]},"presence_connect",{"micros":15441,"calls":[]},"connect_finished",{"micros":15445,"calls":[]},"build_ready",{"micros":14,"calls":[]},"clean_ready",{"micros":1,"calls":[]},"optimize_ready",{"micros":0,"calls":[]},"split_ready",{"micros":1,"calls":[]}]}]}] (Session ID: 5a2495dc5e950bfb6f75ef817fcdc0dd).
discord.client - WARNING - PyNaCl is not installed, voice will NOT be supported
discord.client - INFO - logging in using static token
discord.gateway - INFO - Shard ID None has sent the IDENTIFY payload.
discord.gateway - INFO - Shard ID None has connected to Gateway: ["gateway-prd-us-east1-b-lszv",{"micros":101933,"calls":["id_created",{"micros":1189,"calls":[]},"session_lookup_time",{"micros":10375,"calls":[]},"session_lookup_finished",{"micros":15,"calls":[]},"discord-sessions-prd-1-184",{"micros":89657,"calls":["start_session",{"micros":42758,"calls":["discord-api-rpc-5f8c4b8bd9-bndqk",{"micros":38448,"calls":["get_user",{"micros":5743},"get_guilds",{"micros":3425},"send_scheduled_deletion_message",{"micros":6},"guild_join_requests",{"micros":0},"authorized_ip_coro",{"micros":8}]}]},"starting_guild_connect",{"micros":69,"calls":[]},"presence_started",{"micros":263,"calls":[]},"guilds_started",{"micros":154,"calls":[]},"guilds_connect",{"micros":10,"calls":[]},"presence_connect",{"micros":46376,"calls":[]},"connect_finished",{"micros":46390,"calls":[]},"build_ready",{"micros":17,"calls":[]},"clean_ready",{"micros":1,"calls":[]},"optimize_ready",{"micros":0,"calls":[]},"split_ready",{"micros":1,"calls":[]}]}]}] (Session ID: 319619e61e8a038fe4259a4ec161e167).
discord.client - WARNING - PyNaCl is not installed, voice will NOT be supported
discord.client - INFO - logging in using static token
discord.gateway - INFO - Shard ID None has sent the IDENTIFY payload.
discord.gateway - INFO - Shard ID None has connected to Gateway: ["gateway-prd-us-east1-c-ls4r",{"micros":87548,"calls":["id_created",{"micros":1420,"calls":[]},"session_lookup_time",{"micros":2326,"calls":[]},"session_lookup_finished",{"micros":16,"calls":[]},"discord-sessions-prd-1-194",{"micros":82732,"calls":["start_session",{"micros":44873,"calls":["discord-api-rpc-5f8c4b8bd9-xgssg",{"micros":40108,"calls":["get_user",{"micros":8147},"get_guilds",{"micros":2642},"send_scheduled_deletion_message",{"micros":8},"guild_join_requests",{"micros":1},"authorized_ip_coro",{"micros":8}]}]},"starting_guild_connect",{"micros":57,"calls":[]},"presence_started",{"micros":12513,"calls":[]},"guilds_started",{"micros":117,"calls":[]},"guilds_connect",{"micros":1,"calls":[]},"presence_connect",{"micros":25147,"calls":[]},"connect_finished",{"micros":25152,"calls":[]},"build_ready",{"micros":15,"calls":[]},"clean_ready",{"micros":0,"calls":[]},"optimize_ready",{"micros":1,"calls":[]},"split_ready",{"micros":0,"calls":[]}]}]}] (Session ID: 3c91dcba2ab04f8537034117cb2b6d92).
discord.client - WARNING - PyNaCl is not installed, voice will NOT be supported
discord.client - INFO - logging in using static token
discord.gateway - INFO - Shard ID None has sent the IDENTIFY payload.
discord.gateway - INFO - Shard ID None has connected to Gateway: ["gateway-prd-us-east1-c-mhn4",{"micros":83693,"calls":["id_created",{"micros":2043,"calls":[]},"session_lookup_time",{"micros":7916,"calls":[]},"session_lookup_finished",{"micros":18,"calls":[]},"discord-sessions-prd-1-257",{"micros":72728,"calls":["start_session",{"micros":45873,"calls":["discord-api-rpc-5f8c4b8bd9-5h4pj",{"micros":40832,"calls":["get_user",{"micros":7219},"get_guilds",{"micros":4594},"send_scheduled_deletion_message",{"micros":9},"guild_join_requests",{"micros":16},"authorized_ip_coro",{"micros":8}]}]},"starting_guild_connect",{"micros":59,"calls":[]},"presence_started",{"micros":26323,"calls":[]},"guilds_started",{"micros":171,"calls":[]},"guilds_connect",{"micros":1,"calls":[]},"presence_connect",{"micros":274,"calls":[]},"connect_finished",{"micros":278,"calls":[]},"build_ready",{"micros":18,"calls":[]},"clean_ready",{"micros":0,"calls":[]},"optimize_ready",{"micros":1,"calls":[]},"split_ready",{"micros":0,"calls":[]}]}]}] (Session ID: ee4730d7c0e8942f394f6307b6ef3e4e).
discord.client - WARNING - PyNaCl is not installed, voice will NOT be supported
discord.client - WARNING - PyNaCl is not installed, voice will NOT be supported
discord.client - INFO - logging in using static token
discord.gateway - INFO - Shard ID None has sent the IDENTIFY payload.
discord.gateway - INFO - Shard ID None has connected to Gateway: ["gateway-prd-us-east1-d-mzfw",{"micros":105276,"calls":["id_created",{"micros":1268,"calls":[]},"session_lookup_time",{"micros":392,"calls":[]},"session_lookup_finished",{"micros":16,"calls":[]},"discord-sessions-prd-1-12",{"micros":102762,"calls":["start_session",{"micros":54337,"calls":["discord-api-rpc-5f8c4b8bd9-jn4jx",{"micros":49428,"calls":["get_user",{"micros":6797},"get_guilds",{"micros":3660},"send_scheduled_deletion_message",{"micros":10},"guild_join_requests",{"micros":2},"authorized_ip_coro",{"micros":9}]}]},"starting_guild_connect",{"micros":67,"calls":[]},"presence_started",{"micros":25628,"calls":[]},"guilds_started",{"micros":145,"calls":[]},"guilds_connect",{"micros":2,"calls":[]},"presence_connect",{"micros":22554,"calls":[]},"connect_finished",{"micros":22560,"calls":[]},"build_ready",{"micros":19,"calls":[]},"clean_ready",{"micros":0,"calls":[]},"optimize_ready",{"micros":1,"calls":[]},"split_ready",{"micros":1,"calls":[]}]}]}] (Session ID: ba995af5c1066155fb83a96829e38d8c).
root - INFO - Data not found found for userriteck (Dr Jackson) - incrementing message count
discord.client - WARNING - PyNaCl is not installed, voice will NOT be supported
discord.client - INFO - logging in using static token
discord.gateway - INFO - Shard ID None has sent the IDENTIFY payload.
discord.gateway - INFO - Shard ID None has connected to Gateway: ["gateway-prd-us-east1-c-tjj4",{"micros":157148,"calls":["id_created",{"micros":1471,"calls":[]},"session_lookup_time",{"micros":713,"calls":[]},"session_lookup_finished",{"micros":15,"calls":[]},"discord-sessions-prd-1-164",{"micros":154598,"calls":["start_session",{"micros":107682,"calls":["discord-api-rpc-5f8c4b8bd9-f8bwr",{"micros":104049,"calls":["get_user",{"micros":10507},"get_guilds",{"micros":5002},"send_scheduled_deletion_message",{"micros":8},"guild_join_requests",{"micros":167},"authorized_ip_coro",{"micros":6}]}]},"starting_guild_connect",{"micros":58,"calls":[]},"presence_started",{"micros":30003,"calls":[]},"guilds_started",{"micros":137,"calls":[]},"guilds_connect",{"micros":2,"calls":[]},"presence_connect",{"micros":16671,"calls":[]},"connect_finished",{"micros":16678,"calls":[]},"build_ready",{"micros":31,"calls":[]},"clean_ready",{"micros":1,"calls":[]},"optimize_ready",{"micros":0,"calls":[]},"split_ready",{"micros":1,"calls":[]}]}]}] (Session ID: 4951dd4dd36fa73cab71dd618859b5cc).
root - INFO - Data found for userriteck (Dr Jackson) -  (1,)
discord.client - WARNING - PyNaCl is not installed, voice will NOT be supported
discord.client - INFO - logging in using static token
discord.gateway - INFO - Shard ID None has sent the IDENTIFY payload.
discord.gateway - INFO - Shard ID None has connected to Gateway: ["gateway-prd-us-east1-d-10sf",{"micros":222211,"calls":["id_created",{"micros":2008,"calls":[]},"session_lookup_time",{"micros":521,"calls":[]},"session_lookup_finished",{"micros":17,"calls":[]},"discord-sessions-prd-1-177",{"micros":218822,"calls":["start_session",{"micros":177626,"calls":["discord-api-rpc-5f8c4b8bd9-r7kq4",{"micros":173726,"calls":["get_user",{"micros":6003},"get_guilds",{"micros":53998},"send_scheduled_deletion_message",{"micros":11},"guild_join_requests",{"micros":3729},"authorized_ip_coro",{"micros":10}]}]},"starting_guild_connect",{"micros":59,"calls":[]},"presence_started",{"micros":7570,"calls":[]},"guilds_started",{"micros":147,"calls":[]},"guilds_connect",{"micros":2,"calls":[]},"presence_connect",{"micros":33392,"calls":[]},"connect_finished",{"micros":33398,"calls":[]},"build_ready",{"micros":17,"calls":[]},"clean_ready",{"micros":0,"calls":[]},"optimize_ready",{"micros":1,"calls":[]},"split_ready",{"micros":0,"calls":[]}]}]}] (Session ID: 83a286b89b4b535d06254550107cacd2).
discord.client - WARNING - PyNaCl is not installed, voice will NOT be supported
discord.client - INFO - logging in using static token
discord.gateway - INFO - Shard ID None has sent the IDENTIFY payload.
discord.gateway - INFO - Shard ID None has connected to Gateway: ["gateway-prd-us-east1-c-9ql1",{"micros":163078,"calls":["id_created",{"micros":1233,"calls":[]},"session_lookup_time",{"micros":2545,"calls":[]},"session_lookup_finished",{"micros":14,"calls":[]},"discord-sessions-prd-1-32",{"micros":158092,"calls":["start_session",{"micros":104275,"calls":["discord-api-rpc-5f8c4b8bd9-x22p2",{"micros":100354,"calls":["get_user",{"micros":6500},"get_guilds",{"micros":6626},"send_scheduled_deletion_message",{"micros":9},"guild_join_requests",{"micros":190},"authorized_ip_coro",{"micros":7}]}]},"starting_guild_connect",{"micros":57,"calls":[]},"presence_started",{"micros":43718,"calls":[]},"guilds_started",{"micros":152,"calls":[]},"guilds_connect",{"micros":2,"calls":[]},"presence_connect",{"micros":9860,"calls":[]},"connect_finished",{"micros":9866,"calls":[]},"build_ready",{"micros":17,"calls":[]},"clean_ready",{"micros":1,"calls":[]},"optimize_ready",{"micros":0,"calls":[]},"split_ready",{"micros":1,"calls":[]}]}]}] (Session ID: 1db923b01c064a30f1595e9d6f2185dc).
root - INFO - Data found for userriteck (Dr Jackson) -  (2,)
discord.client - WARNING - PyNaCl is not installed, voice will NOT be supported
discord.client - INFO - logging in using static token
discord.gateway - INFO - Shard ID None has sent the IDENTIFY payload.
discord.gateway - INFO - Shard ID None has connected to Gateway: ["gateway-prd-us-east1-c-gk5h",{"micros":154057,"calls":["id_created",{"micros":1819,"calls":[]},"session_lookup_time",{"micros":458,"calls":[]},"session_lookup_finished",{"micros":14,"calls":[]},"discord-sessions-prd-1-269",{"micros":151253,"calls":["start_session",{"micros":92028,"calls":["discord-api-rpc-5f8c4b8bd9-4gn6t",{"micros":51634,"calls":["get_user",{"micros":6600},"get_guilds",{"micros":20287},"send_scheduled_deletion_message",{"micros":10},"guild_join_requests",{"micros":2},"authorized_ip_coro",{"micros":8}]}]},"starting_guild_connect",{"micros":65,"calls":[]},"presence_started",{"micros":16063,"calls":[]},"guilds_started",{"micros":159,"calls":[]},"guilds_connect",{"micros":2,"calls":[]},"presence_connect",{"micros":42899,"calls":[]},"connect_finished",{"micros":42909,"calls":[]},"build_ready",{"micros":23,"calls":[]},"clean_ready",{"micros":1,"calls":[]},"optimize_ready",{"micros":0,"calls":[]},"split_ready",{"micros":1,"calls":[]}]}]}] (Session ID: 200024a0b02c731e80ec9856affaf3cd).
discord.client - WARNING - PyNaCl is not installed, voice will NOT be supported
discord.client - INFO - logging in using static token
discord.gateway - INFO - Shard ID None has sent the IDENTIFY payload.
discord.gateway - INFO - Shard ID None has connected to Gateway: ["gateway-prd-us-east1-d-7hrz",{"micros":117733,"calls":["id_created",{"micros":1155,"calls":[]},"session_lookup_time",{"micros":519,"calls":[]},"session_lookup_finished",{"micros":18,"calls":[]},"discord-sessions-prd-1-12",{"micros":115504,"calls":["start_session",{"micros":53569,"calls":["discord-api-rpc-5f8c4b8bd9-7bbvc",{"micros":48841,"calls":["get_user",{"micros":6145},"get_guilds",{"micros":4199},"send_scheduled_deletion_message",{"micros":10},"guild_join_requests",{"micros":1},"authorized_ip_coro",{"micros":8}]}]},"starting_guild_connect",{"micros":65,"calls":[]},"presence_started",{"micros":34159,"calls":[]},"guilds_started",{"micros":178,"calls":[]},"guilds_connect",{"micros":2,"calls":[]},"presence_connect",{"micros":27506,"calls":[]},"connect_finished",{"micros":27512,"calls":[]},"build_ready",{"micros":15,"calls":[]},"clean_ready",{"micros":1,"calls":[]},"optimize_ready",{"micros":0,"calls":[]},"split_ready",{"micros":1,"calls":[]}]}]}] (Session ID: 2b9ef8c093eaacbd0c5f2bcdf1f0fb4b).
discord.client - WARNING - PyNaCl is not installed, voice will NOT be supported
discord.client - INFO - logging in using static token
discord.gateway - INFO - Shard ID None has sent the IDENTIFY payload.
discord.gateway - INFO - Shard ID None has connected to Gateway: ["gateway-prd-us-east1-b-df5p",{"micros":73453,"calls":["id_created",{"micros":2041,"calls":[]},"session_lookup_time",{"micros":3518,"calls":[]},"session_lookup_finished",{"micros":45,"calls":[]},"discord-sessions-prd-1-7",{"micros":66704,"calls":["start_session",{"micros":46961,"calls":["discord-api-rpc-5f8c4b8bd9-k9rdv",{"micros":42643,"calls":["get_user",{"micros":5685},"get_guilds",{"micros":4101},"send_scheduled_deletion_message",{"micros":8},"guild_join_requests",{"micros":639},"authorized_ip_coro",{"micros":8}]}]},"starting_guild_connect",{"micros":66,"calls":[]},"presence_started",{"micros":4779,"calls":[]},"guilds_started",{"micros":124,"calls":[]},"guilds_connect",{"micros":1,"calls":[]},"presence_connect",{"micros":14738,"calls":[]},"connect_finished",{"micros":14743,"calls":[]},"build_ready",{"micros":26,"calls":[]},"clean_ready",{"micros":0,"calls":[]},"optimize_ready",{"micros":0,"calls":[]},"split_ready",{"micros":1,"calls":[]}]}]}] (Session ID: 82edd17103bd31e8c259752e06519f26).
discord.client - WARNING - PyNaCl is not installed, voice will NOT be supported
discord.client - INFO - logging in using static token
discord.gateway - INFO - Shard ID None has connected to Gateway (Session ID: 0c6b26be275ef09ca133812b7f48f560).
discord.client - WARNING - PyNaCl is not installed, voice will NOT be supported
discord.client - WARNING - PyNaCl is not installed, voice will NOT be supported
client - ERROR - Could not prepare the client:
Traceback (most recent call last):
  File "/usr/local/lib/python3.9/site-packages/interactions/client/bot.py", line 449, in _ready
    self._intents.GUILD_PRESENCES in self._intents
AttributeError: 'Intents' object has no attribute 'GUILD_PRESENCES'
client - ERROR - Could not load cogs.tickets: module 'cogs.tickets' has no attribute 'setup'. Skipping.
client - ERROR - Could not prepare the client:
Traceback (most recent call last):
  File "/usr/local/lib/python3.9/site-packages/interactions/client/bot.py", line 449, in _ready
    self._intents.GUILD_PRESENCES in self._intents
AttributeError: 'Intents' object has no attribute 'GUILD_PRESENCES'
discord.client - WARNING - PyNaCl is not installed, voice will NOT be supported
discord.client - WARNING - PyNaCl is not installed, voice will NOT be supported
discord.client - WARNING - PyNaCl is not installed, voice will NOT be supported
discord.client - WARNING - PyNaCl is not installed, voice will NOT be supported
discord.client - INFO - logging in using static token
discord.gateway - INFO - Shard ID None has sent the IDENTIFY payload.
discord.gateway - INFO - Shard ID None has connected to Gateway: ["gateway-prd-us-east1-b-qgjq",{"micros":154824,"calls":["id_created",{"micros":1397,"calls":[]},"session_lookup_time",{"micros":4021,"calls":[]},"session_lookup_finished",{"micros":18,"calls":[]},"discord-sessions-prd-1-241",{"micros":149007,"calls":["start_session",{"micros":80500,"calls":["discord-api-rpc-797b446b96-q5c68",{"micros":67173,"calls":["get_user",{"micros":12822},"get_guilds",{"micros":3177},"send_scheduled_deletion_message",{"micros":6},"guild_join_requests",{"micros":0},"authorized_ip_coro",{"micros":7}]}]},"starting_guild_connect",{"micros":71,"calls":[]},"presence_started",{"micros":6925,"calls":[]},"guilds_started",{"micros":159,"calls":[]},"guilds_connect",{"micros":2,"calls":[]},"presence_connect",{"micros":61326,"calls":[]},"connect_finished",{"micros":61331,"calls":[]},"build_ready",{"micros":16,"calls":[]},"clean_ready",{"micros":0,"calls":[]},"optimize_ready",{"micros":1,"calls":[]},"split_ready",{"micros":0,"calls":[]}]}]}] (Session ID: da88b9aa5fad058e26c55ec033f4d70a).
discord.client - INFO - Cleaning up tasks.
discord.client - INFO - Cleaning up after 1 tasks.
discord.client - INFO - All tasks finished cancelling.
discord.client - INFO - Closing the event loop.
discord.client - WARNING - PyNaCl is not installed, voice will NOT be supported
discord.client - WARNING - PyNaCl is not installed, voice will NOT be supported
discord.client - INFO - logging in using static token
discord.gateway - INFO - Shard ID None has sent the IDENTIFY payload.
discord.gateway - INFO - Shard ID None has connected to Gateway: ["gateway-prd-us-east1-c-pm8k",{"micros":56266,"calls":["id_created",{"micros":801,"calls":[]},"session_lookup_time",{"micros":410,"calls":[]},"session_lookup_finished",{"micros":15,"calls":[]},"discord-sessions-prd-1-20",{"micros":53940,"calls":["start_session",{"micros":48176,"calls":["discord-api-rpc-797b446b96-n7pvc",{"micros":43286,"calls":["get_user",{"micros":6223},"get_guilds",{"micros":3171},"send_scheduled_deletion_message",{"micros":10},"guild_join_requests",{"micros":1441},"authorized_ip_coro",{"micros":8}]}]},"starting_guild_connect",{"micros":65,"calls":[]},"presence_started",{"micros":322,"calls":[]},"guilds_started",{"micros":141,"calls":[]},"guilds_connect",{"micros":1,"calls":[]},"presence_connect",{"micros":5208,"calls":[]},"connect_finished",{"micros":5213,"calls":[]},"build_ready",{"micros":17,"calls":[]},"clean_ready",{"micros":0,"calls":[]},"optimize_ready",{"micros":1,"calls":[]},"split_ready",{"micros":1,"calls":[]}]}]}] (Session ID: 6f3d8de9231e40e3f4f024786f1a6e23).
discord.http - WARNING - We are being rate limited. Retrying in 0.30 seconds. Handled under the bucket "1068081265456193636:None:/channels/{channel_id}/messages/{message_id}/reactions/{emoji}/@me"
discord.client - INFO - Cleaning up tasks.
discord.client - INFO - Cleaning up after 2 tasks.
discord.client - INFO - All tasks finished cancelling.
discord.client - INFO - Closing the event loop.
discord.client - WARNING - PyNaCl is not installed, voice will NOT be supported
discord.client - INFO - logging in using static token
discord.gateway - INFO - Shard ID None has sent the IDENTIFY payload.
discord.gateway - INFO - Shard ID None has connected to Gateway: ["gateway-prd-us-east1-d-gc7j",{"micros":83494,"calls":["id_created",{"micros":1898,"calls":[]},"session_lookup_time",{"micros":337,"calls":[]},"session_lookup_finished",{"micros":15,"calls":[]},"discord-sessions-prd-1-66",{"micros":80752,"calls":["start_session",{"micros":63489,"calls":["discord-api-rpc-55bc54cc79-pnscz",{"micros":59125,"calls":["get_user",{"micros":6053},"get_guilds",{"micros":5671},"send_scheduled_deletion_message",{"micros":8},"guild_join_requests",{"micros":5604},"authorized_ip_coro",{"micros":8}]}]},"starting_guild_connect",{"micros":66,"calls":[]},"presence_started",{"micros":4196,"calls":[]},"guilds_started",{"micros":146,"calls":[]},"guilds_connect",{"micros":2,"calls":[]},"presence_connect",{"micros":12829,"calls":[]},"connect_finished",{"micros":12834,"calls":[]},"build_ready",{"micros":17,"calls":[]},"clean_ready",{"micros":0,"calls":[]},"optimize_ready",{"micros":1,"calls":[]},"split_ready",{"micros":0,"calls":[]}]}]}] (Session ID: 67278b2f1981e19493884e3c63e8be06).
discord.client - INFO - Cleaning up tasks.
discord.client - INFO - Cleaning up after 2 tasks.
discord.client - INFO - All tasks finished cancelling.
discord.client - INFO - Closing the event loop.
discord.client - WARNING - PyNaCl is not installed, voice will NOT be supported
discord.client - INFO - logging in using static token
discord.gateway - INFO - Shard ID None has sent the IDENTIFY payload.
discord.gateway - INFO - Shard ID None has connected to Gateway: ["gateway-prd-us-east1-c-g2pn",{"micros":75779,"calls":["id_created",{"micros":1378,"calls":[]},"session_lookup_time",{"micros":1466,"calls":[]},"session_lookup_finished",{"micros":19,"calls":[]},"discord-sessions-prd-1-104",{"micros":72324,"calls":["start_session",{"micros":45974,"calls":["discord-api-rpc-55bc54cc79-624m4",{"micros":41662,"calls":["get_user",{"micros":6230},"get_guilds",{"micros":4028},"send_scheduled_deletion_message",{"micros":8},"guild_join_requests",{"micros":1},"authorized_ip_coro",{"micros":8}]}]},"starting_guild_connect",{"micros":67,"calls":[]},"presence_started",{"micros":13152,"calls":[]},"guilds_started",{"micros":142,"calls":[]},"guilds_connect",{"micros":2,"calls":[]},"presence_connect",{"micros":12957,"calls":[]},"connect_finished",{"micros":12964,"calls":[]},"build_ready",{"micros":18,"calls":[]},"clean_ready",{"micros":0,"calls":[]},"optimize_ready",{"micros":1,"calls":[]},"split_ready",{"micros":1,"calls":[]}]}]}] (Session ID: b6b1cff9145dfb4cdae6827b5987a194).
discord.client - INFO - Cleaning up tasks.
discord.client - INFO - Cleaning up after 1 tasks.
discord.client - INFO - All tasks finished cancelling.
discord.client - INFO - Closing the event loop.
discord.client - WARNING - PyNaCl is not installed, voice will NOT be supported
discord.client - INFO - logging in using static token
discord.gateway - INFO - Shard ID None has sent the IDENTIFY payload.
discord.gateway - INFO - Shard ID None has connected to Gateway: ["gateway-prd-us-east1-d-bvh0",{"micros":111263,"calls":["id_created",{"micros":998,"calls":[]},"session_lookup_time",{"micros":385,"calls":[]},"session_lookup_finished",{"micros":11,"calls":[]},"discord-sessions-prd-1-87",{"micros":109245,"calls":["start_session",{"micros":90762,"calls":["discord-api-rpc-55bc54cc79-phtvm",{"micros":86131,"calls":["get_user",{"micros":5965},"get_guilds",{"micros":22211},"send_scheduled_deletion_message",{"micros":10},"guild_join_requests",{"micros":2},"authorized_ip_coro",{"micros":10}]}]},"starting_guild_connect",{"micros":62,"calls":[]},"presence_started",{"micros":2890,"calls":[]},"guilds_started",{"micros":1422,"calls":[]},"guilds_connect",{"micros":2,"calls":[]},"presence_connect",{"micros":14083,"calls":[]},"connect_finished",{"micros":14090,"calls":[]},"build_ready",{"micros":14,"calls":[]},"clean_ready",{"micros":1,"calls":[]},"optimize_ready",{"micros":0,"calls":[]},"split_ready",{"micros":1,"calls":[]}]}]}] (Session ID: 1147c4daff9b518d87336b4a46a767c5).
discord.gateway - INFO - Websocket closed with WSCloseCode.OK, cannot reconnect.
discord.client - ERROR - Attempting a reconnect in 0.99s
Traceback (most recent call last):
  File "/usr/local/lib/python3.9/site-packages/discord/client.py", line 601, in connect
    await self.ws.poll_event()
  File "/usr/local/lib/python3.9/site-packages/discord/gateway.py", line 632, in poll_event
    raise ConnectionClosed(
discord.errors.ConnectionClosed: Shard ID None WebSocket closed with 1000
discord.gateway - INFO - Shard ID None has sent the RESUME payload.
discord.gateway - INFO - Shard ID None has successfully RESUMED session 1147c4daff9b518d87336b4a46a767c5 under trace ["gateway-prd-us-east1-d-63zh",{"micros":3877,"calls":["id_created",{"micros":0,"calls":[]},"session_lookup_time",{"micros":2533,"calls":[]},"session_lookup_finished",{"micros":31,"calls":[]},"discord-sessions-prd-1-87",{"micros":23}]}].
discord.client - INFO - Cleaning up tasks.
discord.client - INFO - Cleaning up after 1 tasks.
discord.client - INFO - All tasks finished cancelling.
discord.client - INFO - Closing the event loop.
